<?xml version="1.0" encoding="UTF-8"?>
<!-- Generated by org.testng.reporters.JUnitReportReporter -->
<testsuite skipped="0" hostname="RaghavendraS" name="demorequest.GetSingleUser" tests="1" failures="0" timestamp="02 Oct 2020 10:15:38 GMT" time="1.393" errors="0">
  <testcase name="testA" time="1.393" classname="demorequest.GetSingleUser"/>
</testsuite> <!-- demorequest.GetSingleUser -->
