<?xml version="1.0" encoding="UTF-8"?>
<!-- Generated by org.testng.reporters.JUnitReportReporter -->
<testsuite skipped="0" hostname="RaghavendraS" name="demorequest.GetRequestTest" tests="1" failures="0" timestamp="02 Oct 2020 09:52:48 GMT" time="1.892" errors="0">
  <testcase name="getWeatherRequest" time="1.892" classname="demorequest.GetRequestTest"/>
</testsuite> <!-- demorequest.GetRequestTest -->
