<?xml version="1.0" encoding="UTF-8"?>
<!-- Generated by org.testng.reporters.JUnitReportReporter -->
<testsuite skipped="0" hostname="RAGHAVENDRA" name="data.driven.test.GetEmployeeData" tests="1" failures="0" timestamp="13 Aug 2020 13:46:25 GMT" time="3.657" errors="0">
  <testcase name="getdata" time="3.657" classname="data.driven.test.GetEmployeeData"/>
</testsuite> <!-- data.driven.test.GetEmployeeData -->
