<?xml version="1.0" encoding="UTF-8"?>
<!-- Generated by org.testng.reporters.JUnitReportReporter -->
<testsuite skipped="0" hostname="RAGHAVENDRA" name="demorequest.PostRequest1Test" tests="1" failures="0" timestamp="10 Mar 2020 15:27:29 GMT" time="1.809" errors="0">
  <testcase name="createRequest" time="1.809" classname="demorequest.PostRequest1Test"/>
</testsuite> <!-- demorequest.PostRequest1Test -->
