<?xml version="1.0" encoding="UTF-8"?>
<!-- Generated by org.testng.reporters.JUnitReportReporter -->
<testsuite skipped="0" hostname="RAGHAVENDRA" name="demorequest.VerifyHeaders" tests="1" failures="0" timestamp="12 Mar 2020 10:23:47 GMT" time="1.408" errors="0">
  <testcase name="verifyHeaders" time="1.408" classname="demorequest.VerifyHeaders"/>
</testsuite> <!-- demorequest.VerifyHeaders -->
