<?xml version="1.0" encoding="UTF-8"?>
<!-- Generated by org.testng.reporters.JUnitReportReporter -->
<testsuite skipped="0" hostname="RAGHAVENDRA" name="data.driven.test.AddNewMultipleEmployee" tests="3" failures="0" timestamp="12 Mar 2020 13:44:58 GMT" time="3.524" errors="0">
  <testcase name="addNewMultipleEmpolyee" time="0.814" classname="data.driven.test.AddNewMultipleEmployee"/>
  <testcase name="addNewMultipleEmpolyee" time="1.855" classname="data.driven.test.AddNewMultipleEmployee"/>
  <testcase name="addNewMultipleEmpolyee" time="0.855" classname="data.driven.test.AddNewMultipleEmployee"/>
</testsuite> <!-- data.driven.test.AddNewMultipleEmployee -->
