<?xml version="1.0" encoding="UTF-8"?>
<!-- Generated by org.testng.reporters.JUnitReportReporter -->
<testsuite skipped="0" hostname="RaghavendraS" name="demorequest.VerifyAndPrintHeaders" tests="1" failures="0" timestamp="08 Oct 2020 07:47:01 GMT" time="2.697" errors="0">
  <testcase name="verifyHeaders" time="2.697" classname="demorequest.VerifyAndPrintHeaders"/>
</testsuite> <!-- demorequest.VerifyAndPrintHeaders -->
