<?xml version="1.0" encoding="UTF-8"?>
<!-- Generated by org.testng.reporters.JUnitReportReporter -->
<testsuite skipped="0" hostname="RAGHAVENDRA" name="demorequest.VerifyJSONResponseBody" tests="1" failures="0" timestamp="12 Mar 2020 10:46:12 GMT" time="1.515" errors="0">
  <testcase name="test" time="1.515" classname="demorequest.VerifyJSONResponseBody"/>
</testsuite> <!-- demorequest.VerifyJSONResponseBody -->
