<?xml version="1.0" encoding="UTF-8"?>
<!-- Generated by org.testng.reporters.JUnitReportReporter -->
<testsuite skipped="0" hostname="RAGHAVENDRA" name="data.driven.test.AddNewEmployee" tests="1" failures="0" timestamp="12 Mar 2020 13:22:59 GMT" time="2.596" errors="0">
  <testcase name="addNewEmpolyee" time="2.596" classname="data.driven.test.AddNewEmployee"/>
</testsuite> <!-- data.driven.test.AddNewEmployee -->
